06-22-2025 10:52:55 AM - custom_logger - test_login.py | INFO : ************ Test001Login ************
06-22-2025 10:52:55 AM - custom_logger - test_login.py | INFO : ************ test_verify_login_page_title STARTED ************
06-22-2025 10:52:59 AM - custom_logger - test_login.py | INFO : ************ test_verify_login_page_title PASSED ************
06-22-2025 10:52:59 AM - custom_logger - test_login.py | INFO : ************ test_login_positive STARTED ************
06-22-2025 10:53:17 AM - custom_logger - test_login.py | INFO : ************ test_login_positive PASSED ************
06-22-2025 10:53:17 AM - custom_logger - test_login.py | INFO : ************ test_negative_username STARTED ************
06-22-2025 10:53:25 AM - custom_logger - test_login.py | INFO : ************ test_negative_username PASSED ************
06-22-2025 10:53:26 AM - custom_logger - test_login.py | INFO : ************ Test002Login ************
06-22-2025 10:53:26 AM - custom_logger - test_login.py | INFO : ************ test_verify_login_page_title2 STARTED ************
06-22-2025 10:53:30 AM - custom_logger - test_login.py | INFO : ************ test_verify_login_page_title2 PASSED ************
06-22-2025 10:53:30 AM - custom_logger - test_login.py | INFO : ************ test_login_positive2 STARTED ************
06-22-2025 10:53:42 AM - custom_logger - test_login.py | ERROR : ************ test_login_positive2 FAILED ************
06-22-2025 10:53:42 AM - custom_logger - test_login.py | INFO : ************ test_negative_username2 STARTED ************
06-22-2025 10:53:51 AM - custom_logger - test_login.py | INFO : ************ test_negative_username2 PASSED ************
06-22-2025 10:57:43 AM - custom_logger - test_login.py | INFO : ************ test_negative_username STARTED ************
06-22-2025 10:57:44 AM - custom_logger - test_login.py | INFO : ************ Test001Login ************
06-22-2025 10:57:44 AM - custom_logger - test_login.py | INFO : ************ test_verify_login_page_title STARTED ************
06-22-2025 10:57:48 AM - custom_logger - test_login.py | INFO : ************ test_verify_login_page_title PASSED ************
06-22-2025 10:57:48 AM - custom_logger - test_login.py | INFO : ************ test_login_positive STARTED ************
06-22-2025 10:57:54 AM - custom_logger - test_login.py | INFO : ************ test_negative_username PASSED ************
06-22-2025 10:57:55 AM - custom_logger - test_login.py | INFO : ************ Test002Login ************
06-22-2025 10:57:55 AM - custom_logger - test_login.py | INFO : ************ test_verify_login_page_title2 STARTED ************
06-22-2025 10:57:59 AM - custom_logger - test_login.py | INFO : ************ test_verify_login_page_title2 PASSED ************
06-22-2025 10:57:59 AM - custom_logger - test_login.py | INFO : ************ test_negative_username2 STARTED ************
06-22-2025 10:58:00 AM - custom_logger - test_login.py | INFO : ************ test_login_positive PASSED ************
06-22-2025 10:58:01 AM - custom_logger - test_login.py | INFO : ************ test_login_positive2 STARTED ************
06-22-2025 10:58:08 AM - custom_logger - test_login.py | INFO : ************ test_negative_username2 PASSED ************
06-22-2025 10:58:15 AM - custom_logger - test_login.py | ERROR : ************ test_login_positive2 FAILED ************
06-22-2025 11:00:01 AM - custom_logger - test_login.py | INFO : ************ Test001Login ************
06-22-2025 11:00:01 AM - custom_logger - test_login.py | INFO : ************ test_verify_login_page_title STARTED ************
06-22-2025 11:00:05 AM - custom_logger - test_login.py | INFO : ************ test_verify_login_page_title PASSED ************
06-22-2025 11:00:06 AM - custom_logger - test_login.py | INFO : ************ test_login_positive STARTED ************
06-22-2025 11:00:19 AM - custom_logger - test_login.py | INFO : ************ test_login_positive PASSED ************
06-22-2025 11:00:20 AM - custom_logger - test_login.py | INFO : ************ test_negative_username STARTED ************
06-22-2025 11:00:30 AM - custom_logger - test_login.py | INFO : ************ test_negative_username PASSED ************
06-22-2025 11:00:30 AM - custom_logger - test_login.py | INFO : ************ Test002Login ************
06-22-2025 11:00:30 AM - custom_logger - test_login.py | INFO : ************ test_verify_login_page_title2 STARTED ************
06-22-2025 11:00:34 AM - custom_logger - test_login.py | INFO : ************ test_verify_login_page_title2 PASSED ************
06-22-2025 11:00:35 AM - custom_logger - test_login.py | INFO : ************ test_login_positive2 STARTED ************
06-22-2025 11:00:48 AM - custom_logger - test_login.py | ERROR : ************ test_login_positive2 FAILED ************
06-22-2025 11:00:49 AM - custom_logger - test_login.py | INFO : ************ test_negative_username2 STARTED ************
06-22-2025 11:00:59 AM - custom_logger - test_login.py | INFO : ************ test_negative_username2 PASSED ************
06-22-2025 11:01:13 AM - custom_logger - test_login.py | INFO : ************ test_negative_username STARTED ************
06-22-2025 11:01:13 AM - custom_logger - test_login.py | INFO : ************ test_login_positive STARTED ************
06-22-2025 11:01:13 AM - custom_logger - test_login.py | INFO : ************ Test001Login ************
06-22-2025 11:01:13 AM - custom_logger - test_login.py | INFO : ************ test_verify_login_page_title STARTED ************
06-22-2025 11:01:13 AM - custom_logger - test_login.py | INFO : ************ Test002Login ************
06-22-2025 11:01:13 AM - custom_logger - test_login.py | INFO : ************ test_verify_login_page_title2 STARTED ************
06-22-2025 11:01:13 AM - custom_logger - test_login.py | INFO : ************ test_negative_username2 STARTED ************
06-22-2025 11:01:13 AM - custom_logger - test_login.py | INFO : ************ test_login_positive2 STARTED ************
06-22-2025 11:01:17 AM - custom_logger - test_login.py | INFO : ************ test_verify_login_page_title PASSED ************
06-22-2025 11:01:18 AM - custom_logger - test_login.py | INFO : ************ test_verify_login_page_title2 PASSED ************
06-22-2025 11:01:23 AM - custom_logger - test_login.py | INFO : ************ test_negative_username2 PASSED ************
06-22-2025 11:01:23 AM - custom_logger - test_login.py | INFO : ************ test_negative_username PASSED ************
06-22-2025 11:01:27 AM - custom_logger - test_login.py | ERROR : ************ test_login_positive2 FAILED ************
06-22-2025 11:01:27 AM - custom_logger - test_login.py | INFO : ************ test_login_positive PASSED ************
06-22-2025 11:02:34 AM - custom_logger - test_login.py | INFO : ************ test_negative_username2 STARTED ************
06-22-2025 11:02:34 AM - custom_logger - test_login.py | INFO : ************ Test002Login ************
06-22-2025 11:02:34 AM - custom_logger - test_login.py | INFO : ************ test_verify_login_page_title2 STARTED ************
06-22-2025 11:02:34 AM - custom_logger - test_login.py | INFO : ************ test_login_positive2 STARTED ************
06-22-2025 11:02:34 AM - custom_logger - test_login.py | INFO : ************ Test001Login ************
06-22-2025 11:02:34 AM - custom_logger - test_login.py | INFO : ************ test_verify_login_page_title STARTED ************
06-22-2025 11:02:34 AM - custom_logger - test_login.py | INFO : ************ test_negative_username STARTED ************
06-22-2025 11:02:34 AM - custom_logger - test_login.py | INFO : ************ test_login_positive STARTED ************
06-22-2025 11:02:45 AM - custom_logger - test_login.py | INFO : ************ test_verify_login_page_title PASSED ************
06-22-2025 11:02:45 AM - custom_logger - test_login.py | INFO : ************ test_verify_login_page_title2 PASSED ************
06-22-2025 11:02:51 AM - custom_logger - test_login.py | INFO : ************ test_negative_username PASSED ************
06-22-2025 11:02:51 AM - custom_logger - test_login.py | INFO : ************ test_negative_username2 PASSED ************
06-22-2025 11:02:54 AM - custom_logger - test_login.py | ERROR : ************ test_login_positive2 FAILED ************
06-22-2025 11:02:55 AM - custom_logger - test_login.py | INFO : ************ test_login_positive PASSED ************
06-22-2025 11:04:02 AM - custom_logger - test_login.py | INFO : ************ Test001Login ************
06-22-2025 11:04:02 AM - custom_logger - test_login.py | INFO : ************ test_verify_login_page_title STARTED ************
06-22-2025 11:04:02 AM - custom_logger - test_login.py | INFO : ************ test_negative_username STARTED ************
06-22-2025 11:04:07 AM - custom_logger - test_login.py | INFO : ************ test_verify_login_page_title PASSED ************
06-22-2025 11:04:08 AM - custom_logger - test_login.py | INFO : ************ test_login_positive STARTED ************
06-22-2025 11:04:14 AM - custom_logger - test_login.py | INFO : ************ test_negative_username PASSED ************
06-22-2025 11:04:15 AM - custom_logger - test_login.py | INFO : ************ Test002Login ************
06-22-2025 11:04:15 AM - custom_logger - test_login.py | INFO : ************ test_verify_login_page_title2 STARTED ************
06-22-2025 11:04:20 AM - custom_logger - test_login.py | INFO : ************ test_verify_login_page_title2 PASSED ************
06-22-2025 11:04:20 AM - custom_logger - test_login.py | INFO : ************ test_negative_username2 STARTED ************
06-22-2025 11:04:23 AM - custom_logger - test_login.py | INFO : ************ test_login_positive PASSED ************
06-22-2025 11:04:24 AM - custom_logger - test_login.py | INFO : ************ test_login_positive2 STARTED ************
06-22-2025 11:04:31 AM - custom_logger - test_login.py | INFO : ************ test_negative_username2 PASSED ************
06-22-2025 11:04:38 AM - custom_logger - test_login.py | ERROR : ************ test_login_positive2 FAILED ************
06-22-2025 11:05:48 AM - custom_logger - test_login.py | INFO : ************ test_negative_username STARTED ************
06-22-2025 11:05:49 AM - custom_logger - test_login.py | INFO : ************ Test001Login ************
06-22-2025 11:05:49 AM - custom_logger - test_login.py | INFO : ************ test_verify_login_page_title STARTED ************
06-22-2025 11:05:54 AM - custom_logger - test_login.py | INFO : ************ test_verify_login_page_title PASSED ************
06-22-2025 11:05:54 AM - custom_logger - test_login.py | INFO : ************ test_login_positive STARTED ************
06-22-2025 11:06:00 AM - custom_logger - test_login.py | INFO : ************ test_negative_username PASSED ************
06-22-2025 11:06:01 AM - custom_logger - test_login.py | INFO : ************ Test002Login ************
06-22-2025 11:06:01 AM - custom_logger - test_login.py | INFO : ************ test_verify_login_page_title2 STARTED ************
06-22-2025 11:06:06 AM - custom_logger - test_login.py | INFO : ************ test_login_positive PASSED ************
06-22-2025 11:06:06 AM - custom_logger - test_login.py | INFO : ************ test_verify_login_page_title2 PASSED ************
06-22-2025 11:06:06 AM - custom_logger - test_login.py | INFO : ************ test_negative_username2 STARTED ************
06-22-2025 11:06:07 AM - custom_logger - test_login.py | INFO : ************ test_login_positive2 STARTED ************
06-22-2025 11:06:15 AM - custom_logger - test_login.py | INFO : ************ test_negative_username2 PASSED ************
06-22-2025 11:06:21 AM - custom_logger - test_login.py | ERROR : ************ test_login_positive2 FAILED ************
06-22-2025 11:10:54 AM - custom_logger - test_login.py | INFO : ************ Test001Login ************
06-22-2025 11:10:54 AM - custom_logger - test_login.py | INFO : ************ test_verify_login_page_title STARTED ************
06-22-2025 11:10:57 AM - custom_logger - test_login.py | INFO : ************ test_verify_login_page_title PASSED ************
06-22-2025 11:10:57 AM - custom_logger - test_login.py | INFO : ************ test_login_positive STARTED ************
06-22-2025 11:11:09 AM - custom_logger - test_login.py | INFO : ************ test_login_positive PASSED ************
06-22-2025 11:11:09 AM - custom_logger - test_login.py | INFO : ************ test_negative_username STARTED ************
06-22-2025 11:11:18 AM - custom_logger - test_login.py | INFO : ************ test_negative_username PASSED ************
06-22-2025 11:11:19 AM - custom_logger - test_login.py | INFO : ************ Test002Login ************
06-22-2025 11:11:19 AM - custom_logger - test_login.py | INFO : ************ test_verify_login_page_title2 STARTED ************
06-22-2025 11:11:23 AM - custom_logger - test_login.py | INFO : ************ test_verify_login_page_title2 PASSED ************
06-22-2025 11:11:23 AM - custom_logger - test_login.py | INFO : ************ test_login_positive2 STARTED ************
06-22-2025 11:11:35 AM - custom_logger - test_login.py | ERROR : ************ test_login_positive2 FAILED ************
06-22-2025 11:11:35 AM - custom_logger - test_login.py | INFO : ************ test_negative_username2 STARTED ************
06-22-2025 11:11:43 AM - custom_logger - test_login.py | INFO : ************ test_negative_username2 PASSED ************
06-22-2025 11:15:30 AM - custom_logger - test_login.py | INFO : ************ Test001Login ************
06-22-2025 11:15:30 AM - custom_logger - test_login.py | INFO : ************ test_verify_login_page_title STARTED ************
06-22-2025 11:15:34 AM - custom_logger - test_login.py | INFO : ************ test_verify_login_page_title PASSED ************
06-22-2025 11:15:34 AM - custom_logger - test_login.py | INFO : ************ test_login_positive STARTED ************
06-22-2025 11:15:45 AM - custom_logger - test_login.py | INFO : ************ test_login_positive PASSED ************
06-22-2025 11:15:46 AM - custom_logger - test_login.py | INFO : ************ test_negative_username STARTED ************
06-22-2025 11:15:54 AM - custom_logger - test_login.py | INFO : ************ test_negative_username PASSED ************
06-22-2025 11:15:55 AM - custom_logger - test_login.py | INFO : ************ Test002Login ************
06-22-2025 11:15:55 AM - custom_logger - test_login.py | INFO : ************ test_verify_login_page_title2 STARTED ************
06-22-2025 11:15:58 AM - custom_logger - test_login.py | INFO : ************ test_verify_login_page_title2 PASSED ************
06-22-2025 11:15:58 AM - custom_logger - test_login.py | INFO : ************ test_login_positive2 STARTED ************
06-22-2025 11:16:10 AM - custom_logger - test_login.py | ERROR : ************ test_login_positive2 FAILED ************
06-22-2025 11:16:10 AM - custom_logger - test_login.py | INFO : ************ test_negative_username2 STARTED ************
06-22-2025 11:16:19 AM - custom_logger - test_login.py | INFO : ************ test_negative_username2 PASSED ************
06-22-2025 11:20:26 AM - custom_logger - test_login.py | INFO : ************ test_login_positive2 STARTED ************
06-22-2025 11:20:26 AM - custom_logger - test_login.py | INFO : ************ test_negative_username2 STARTED ************
06-22-2025 11:20:26 AM - custom_logger - test_login.py | INFO : ************ Test001Login ************
06-22-2025 11:20:26 AM - custom_logger - test_login.py | INFO : ************ test_verify_login_page_title STARTED ************
06-22-2025 11:20:26 AM - custom_logger - test_login.py | INFO : ************ test_negative_username STARTED ************
06-22-2025 11:20:26 AM - custom_logger - test_login.py | INFO : ************ test_login_positive STARTED ************
06-22-2025 11:20:26 AM - custom_logger - test_login.py | INFO : ************ Test002Login ************
06-22-2025 11:20:26 AM - custom_logger - test_login.py | INFO : ************ test_verify_login_page_title2 STARTED ************
06-22-2025 11:20:33 AM - custom_logger - test_login.py | INFO : ************ test_verify_login_page_title PASSED ************
06-22-2025 11:20:33 AM - custom_logger - test_login.py | INFO : ************ test_verify_login_page_title2 PASSED ************
06-22-2025 11:20:39 AM - custom_logger - test_login.py | INFO : ************ test_negative_username PASSED ************
06-22-2025 11:20:39 AM - custom_logger - test_login.py | INFO : ************ test_negative_username2 PASSED ************
06-22-2025 11:20:42 AM - custom_logger - test_login.py | ERROR : ************ test_login_positive2 FAILED ************
06-22-2025 11:20:43 AM - custom_logger - test_login.py | INFO : ************ test_login_positive PASSED ************
06-22-2025 11:22:38 AM - custom_logger - test_login.py | INFO : ************ test_login_positive STARTED ************
06-22-2025 11:22:38 AM - custom_logger - test_login.py | INFO : ************ test_negative_username2 STARTED ************
06-22-2025 11:22:38 AM - custom_logger - test_login.py | INFO : ************ Test002Login ************
06-22-2025 11:22:38 AM - custom_logger - test_login.py | INFO : ************ test_verify_login_page_title2 STARTED ************
06-22-2025 11:22:38 AM - custom_logger - test_login.py | INFO : ************ Test001Login ************
06-22-2025 11:22:38 AM - custom_logger - test_login.py | INFO : ************ test_verify_login_page_title STARTED ************
06-22-2025 11:22:38 AM - custom_logger - test_login.py | INFO : ************ test_negative_username STARTED ************
06-22-2025 11:22:38 AM - custom_logger - test_login.py | INFO : ************ test_login_positive2 STARTED ************
06-22-2025 11:22:45 AM - custom_logger - test_login.py | INFO : ************ test_verify_login_page_title PASSED ************
06-22-2025 11:22:45 AM - custom_logger - test_login.py | INFO : ************ test_verify_login_page_title2 PASSED ************
06-22-2025 11:22:51 AM - custom_logger - test_login.py | INFO : ************ test_negative_username PASSED ************
06-22-2025 11:22:51 AM - custom_logger - test_login.py | INFO : ************ test_negative_username2 PASSED ************
06-22-2025 11:22:55 AM - custom_logger - test_login.py | INFO : ************ test_login_positive PASSED ************
06-22-2025 11:22:55 AM - custom_logger - test_login.py | INFO : ************ test_login_positive2 PASSED ************
